<?xml version="1.0" encoding="UTF-8"?>
<!-- Generated by org.testng.reporters.JUnitXMLReporter -->
<testsuite ignored="0" hostname="Sanket-hp-pavilion" failures="0" tests="65" name="AllClasses6_Test" time="244.124" errors="0" timestamp="2024-06-13T22:45:43 IST">
  <testcase classname="testCases.Cart_Page_Test" name="verifyAppLogoTitleTest" time="0.034"/>
  <testcase classname="testCases.Cart_Page_Test" name="verifyCartPageURLTest" time="0.012"/>
  <testcase classname="testCases.Cart_Page_Test" name="verifyCheckoutBtnTest" time="0.063"/>
  <testcase classname="testCases.Cart_Page_Test" name="verifyContinueShoppingBtnTest" time="0.085"/>
  <testcase classname="testCases.Cart_Page_Test" name="verifyFacebookLogoTest" time="0.034"/>
  <testcase classname="testCases.Cart_Page_Test" name="verifyFooterTextTest" time="0.028"/>
  <testcase classname="testCases.Cart_Page_Test" name="verifyLinkedinLogotest" time="0.029"/>
  <testcase classname="testCases.Cart_Page_Test" name="verifyMenuBtnTest" time="0.031"/>
  <testcase classname="testCases.Cart_Page_Test" name="verifyPageTitleTest" time="0.023"/>
  <testcase classname="testCases.Cart_Page_Test" name="verifyProdDescriptionLabelTest" time="0.026"/>
  <testcase classname="testCases.Cart_Page_Test" name="verifyTwitterLogoTest" time="0.028"/>
  <testcase classname="testCases.Cart_Page_Test" name="verifyprodQuantityLabelTest" time="0.024"/>
  <testcase classname="testCases.Complete_Page_Test" name="clickOnCartIconTest" time="0.046"/>
  <testcase classname="testCases.Complete_Page_Test" name="verifyAppLogoTitleTest" time="0.025"/>
  <testcase classname="testCases.Complete_Page_Test" name="verifyBackHomeBtnTest" time="0.061"/>
  <testcase classname="testCases.Complete_Page_Test" name="verifyCompleteImgTest" time="0.029"/>
  <testcase classname="testCases.Complete_Page_Test" name="verifyCompleteTextTest" time="0.027"/>
  <testcase classname="testCases.Complete_Page_Test" name="verifyFacebookLogoTest" time="0.04"/>
  <testcase classname="testCases.Complete_Page_Test" name="verifyFooterTextTest" time="0.022"/>
  <testcase classname="testCases.Complete_Page_Test" name="verifyLinkedinLogotest" time="0.026"/>
  <testcase classname="testCases.Complete_Page_Test" name="verifyMenuBtnTest" time="0.03"/>
  <testcase classname="testCases.Complete_Page_Test" name="verifyPageTitleTest" time="0.024"/>
  <testcase classname="testCases.Complete_Page_Test" name="verifyThankYouHeadingTest" time="0.025"/>
  <testcase classname="testCases.Complete_Page_Test" name="verifyTwitterLogoTest" time="0.027"/>
  <testcase classname="testCases.LoginPage_Test" name="loginToApplicationTest" time="1.492"/>
  <testcase classname="testCases.LoginPage_Test" name="verifyTitleofApplicationTest" time="0.036"/>
  <testcase classname="testCases.LoginPage_Test" name="verifyURLofApplicationTest" time="0.035"/>
  <testcase classname="testCases.Checkout_Step_Two_Page_Test" name="clickOnCancelBtnTest" time="0.057"/>
  <testcase classname="testCases.Checkout_Step_Two_Page_Test" name="clickOnFinishBtnTest" time="0.051"/>
  <testcase classname="testCases.Checkout_Step_Two_Page_Test" name="verifyAppLogoTitleTest" time="0.022"/>
  <testcase classname="testCases.Checkout_Step_Two_Page_Test" name="verifyFacebookLogoTest" time="0.025"/>
  <testcase classname="testCases.Checkout_Step_Two_Page_Test" name="verifyFooterTextTest" time="0.018"/>
  <testcase classname="testCases.Checkout_Step_Two_Page_Test" name="verifyLinkedinLogotest" time="0.024"/>
  <testcase classname="testCases.Checkout_Step_Two_Page_Test" name="verifyMenuBtnTest" time="0.034"/>
  <testcase classname="testCases.Checkout_Step_Two_Page_Test" name="verifyPageTitleTest" time="0.018"/>
  <testcase classname="testCases.Checkout_Step_Two_Page_Test" name="verifyPaymentInfoLabelTest" time="0.02"/>
  <testcase classname="testCases.Checkout_Step_Two_Page_Test" name="verifyPaymentInfoValueTest" time="0.027"/>
  <testcase classname="testCases.Checkout_Step_Two_Page_Test" name="verifyProdDescriptionLabelTest" time="0.019"/>
  <testcase classname="testCases.Checkout_Step_Two_Page_Test" name="verifyShippingInfoLabelTest" time="0.017"/>
  <testcase classname="testCases.Checkout_Step_Two_Page_Test" name="verifyShippingInfoValueTest" time="0.022"/>
  <testcase classname="testCases.Checkout_Step_Two_Page_Test" name="verifySubTotalTest" time="0.021"/>
  <testcase classname="testCases.Checkout_Step_Two_Page_Test" name="verifyTaxTest" time="0.018"/>
  <testcase classname="testCases.Checkout_Step_Two_Page_Test" name="verifyTotalInfoLabelTest" time="0.02"/>
  <testcase classname="testCases.Checkout_Step_Two_Page_Test" name="verifyTotalTest" time="0.02"/>
  <testcase classname="testCases.Checkout_Step_Two_Page_Test" name="verifyTwitterLogoTest" time="0.031"/>
  <testcase classname="testCases.Checkout_Step_Two_Page_Test" name="verifyprodQuantityLabelTest" time="0.017"/>
  <testcase classname="testCases.Checkout_Step_One_Page_Test" name="clickOnCancelBtnTest" time="0.057"/>
  <testcase classname="testCases.Checkout_Step_One_Page_Test" name="inputInformationTest" time="0.269"/>
  <testcase classname="testCases.Checkout_Step_One_Page_Test" name="verifyAppLogoTitleTest" time="0.019"/>
  <testcase classname="testCases.Checkout_Step_One_Page_Test" name="verifyFacebookLogoTest" time="0.029"/>
  <testcase classname="testCases.Checkout_Step_One_Page_Test" name="verifyFooterTextTest" time="0.022"/>
  <testcase classname="testCases.Checkout_Step_One_Page_Test" name="verifyLinkedinLogotest" time="0.035"/>
  <testcase classname="testCases.Checkout_Step_One_Page_Test" name="verifyMenuBtnTest" time="0.029"/>
  <testcase classname="testCases.Checkout_Step_One_Page_Test" name="verifyPageTitleTest" time="0.024"/>
  <testcase classname="testCases.Checkout_Step_One_Page_Test" name="verifyTwitterLogoTest" time="0.031"/>
  <testcase classname="testCases.Inventory_Page_Test" name="add6ProductsTest" time="0.531"/>
  <testcase classname="testCases.Inventory_Page_Test" name="enterToCartTest" time="0.066"/>
  <testcase classname="testCases.Inventory_Page_Test" name="removeProductTest" time="0.627"/>
  <testcase classname="testCases.Inventory_Page_Test" name="verifyAppLogoTitleTest" time="0.04"/>
  <testcase classname="testCases.Inventory_Page_Test" name="verifyFacebookLogoTest" time="0.028"/>
  <testcase classname="testCases.Inventory_Page_Test" name="verifyFooterTextTest" time="0.032"/>
  <testcase classname="testCases.Inventory_Page_Test" name="verifyLinkedinLogotest" time="0.029"/>
  <testcase classname="testCases.Inventory_Page_Test" name="verifyMenuBtnTest" time="0.039"/>
  <testcase classname="testCases.Inventory_Page_Test" name="verifyPageTitleTest" time="0.064"/>
  <testcase classname="testCases.Inventory_Page_Test" name="verifyTwitterLogoTest" time="0.036"/>
</testsuite> <!-- AllClasses6_Test -->
