<?xml version="1.0" encoding="UTF-8"?>
<!-- Generated by org.testng.reporters.JUnitXMLReporter -->
<testsuite ignored="0" hostname="Sanket-hp-pavilion" failures="0" tests="3" name="Default test" time="19.625" errors="0" timestamp="2024-06-27T18:23:11 IST">
  <testcase classname="testCases.LoginPage_Test" name="loginToApplicationTest" time="1.265"/>
  <testcase classname="testCases.LoginPage_Test" name="verifyTitleofApplicationTest" time="0.041"/>
  <testcase classname="testCases.LoginPage_Test" name="verifyURLofApplicationTest" time="0.04"/>
</testsuite> <!-- Default test -->
