<?xml version="1.0" encoding="UTF-8"?>
<testng-results ignored="0" total="3" passed="3" failed="0" skipped="0">
  <reporter-output>
    <line>
      <![CDATA[URL of Swad lab is = https://www.saucedemo.com/]]>
    </line>
  </reporter-output>
  <suite started-at="2024-06-27T18:22:51 IST" name="Default suite" finished-at="2024-06-27T18:23:11 IST" duration-ms="19625">
    <groups>
    </groups>
    <test started-at="2024-06-27T18:22:51 IST" name="Default test" finished-at="2024-06-27T18:23:11 IST" duration-ms="19625">
      <class name="testCases.LoginPage_Test">
        <test-method is-config="true" signature="setUp()[pri:0, instance:testCases.LoginPage_Test@658c5a19]" started-at="2024-06-27T18:22:51 IST" name="setUp" finished-at="2024-06-27T18:23:04 IST" duration-ms="12439" status="PASS">
          <reporter-output>
          </reporter-output>
        </test-method> <!-- setUp -->
        <test-method signature="loginToApplicationTest()[pri:0, instance:testCases.LoginPage_Test@658c5a19]" started-at="2024-06-27T18:23:04 IST" name="loginToApplicationTest" finished-at="2024-06-27T18:23:05 IST" duration-ms="1265" status="PASS">
          <reporter-output>
          </reporter-output>
        </test-method> <!-- loginToApplicationTest -->
        <test-method is-config="true" signature="closeBrowser(org.testng.ITestResult)[pri:0, instance:testCases.LoginPage_Test@658c5a19]" started-at="2024-06-27T18:23:05 IST" name="closeBrowser" finished-at="2024-06-27T18:23:05 IST" duration-ms="524" status="PASS">
          <params>
            <param index="0">
              <value>
                <![CDATA[[TestResult name=loginToApplicationTest status=SUCCESS method=LoginPage_Test.loginToApplicationTest()[pri:0, instance:testCases.LoginPage_Test@658c5a19] output={null}]]]>
              </value>
            </param>
          </params>
          <reporter-output>
          </reporter-output>
        </test-method> <!-- closeBrowser -->
        <test-method is-config="true" signature="setUp()[pri:0, instance:testCases.LoginPage_Test@658c5a19]" started-at="2024-06-27T18:23:05 IST" name="setUp" finished-at="2024-06-27T18:23:08 IST" duration-ms="2512" status="PASS">
          <reporter-output>
          </reporter-output>
        </test-method> <!-- setUp -->
        <test-method signature="verifyTitleofApplicationTest()[pri:0, instance:testCases.LoginPage_Test@658c5a19]" started-at="2024-06-27T18:23:08 IST" name="verifyTitleofApplicationTest" finished-at="2024-06-27T18:23:08 IST" duration-ms="41" status="PASS">
          <reporter-output>
          </reporter-output>
        </test-method> <!-- verifyTitleofApplicationTest -->
        <test-method is-config="true" signature="closeBrowser(org.testng.ITestResult)[pri:0, instance:testCases.LoginPage_Test@658c5a19]" started-at="2024-06-27T18:23:08 IST" name="closeBrowser" finished-at="2024-06-27T18:23:08 IST" duration-ms="212" status="PASS">
          <params>
            <param index="0">
              <value>
                <![CDATA[[TestResult name=verifyTitleofApplicationTest status=SUCCESS method=LoginPage_Test.verifyTitleofApplicationTest()[pri:0, instance:testCases.LoginPage_Test@658c5a19] output={null}]]]>
              </value>
            </param>
          </params>
          <reporter-output>
          </reporter-output>
        </test-method> <!-- closeBrowser -->
        <test-method is-config="true" signature="setUp()[pri:0, instance:testCases.LoginPage_Test@658c5a19]" started-at="2024-06-27T18:23:08 IST" name="setUp" finished-at="2024-06-27T18:23:11 IST" duration-ms="2343" status="PASS">
          <reporter-output>
          </reporter-output>
        </test-method> <!-- setUp -->
        <test-method signature="verifyURLofApplicationTest()[pri:0, instance:testCases.LoginPage_Test@658c5a19]" started-at="2024-06-27T18:23:11 IST" name="verifyURLofApplicationTest" finished-at="2024-06-27T18:23:11 IST" duration-ms="40" status="PASS">
          <reporter-output>
            <line>
              <![CDATA[URL of Swad lab is = https://www.saucedemo.com/]]>
            </line>
          </reporter-output>
        </test-method> <!-- verifyURLofApplicationTest -->
        <test-method is-config="true" signature="closeBrowser(org.testng.ITestResult)[pri:0, instance:testCases.LoginPage_Test@658c5a19]" started-at="2024-06-27T18:23:11 IST" name="closeBrowser" finished-at="2024-06-27T18:23:11 IST" duration-ms="184" status="PASS">
          <params>
            <param index="0">
              <value>
                <![CDATA[[TestResult name=verifyURLofApplicationTest status=SUCCESS method=LoginPage_Test.verifyURLofApplicationTest()[pri:0, instance:testCases.LoginPage_Test@658c5a19] output=URL of Swad lab is = https://www.saucedemo.com/]]]>
              </value>
            </param>
          </params>
          <reporter-output>
          </reporter-output>
        </test-method> <!-- closeBrowser -->
      </class> <!-- testCases.LoginPage_Test -->
    </test> <!-- Default test -->
  </suite> <!-- Default suite -->
</testng-results>
