<?xml version="1.0" encoding="UTF-8"?>
<!-- Generated by org.testng.reporters.JUnitReportReporter -->
<testsuite hostname="Sanket-hp-pavilion" failures="0" tests="10" name="testCases.Inventory_Page_Test" time="30.832" errors="0" timestamp="2024-06-13T22:45:44 IST" skipped="0">
  <testcase classname="testCases.Inventory_Page_Test" name="removeProductTest" time="3.476"/>
  <system-out>
    <![CDATA[Total products after remove to the cart 4]]>
  </system-out>
  <testcase classname="testCases.Inventory_Page_Test" name="enterToCartTest" time="2.832"/>
  <system-out>
    <![CDATA[Cart page URL = https://www.saucedemo.com/cart.html]]>
  </system-out>
  <testcase classname="testCases.Inventory_Page_Test" name="verifyLinkedinLogotest" time="3.117"/>
  <system-out>
    <![CDATA[Linkedin logo is present = true]]>
  </system-out>
  <testcase classname="testCases.Inventory_Page_Test" name="verifyTwitterLogoTest" time="2.930"/>
  <system-out>
    <![CDATA[Twitter logo is present = true]]>
  </system-out>
  <testcase classname="testCases.Inventory_Page_Test" name="verifyMenuBtnTest" time="2.971"/>
  <system-out>
    <![CDATA[Menu button is present = true]]>
  </system-out>
  <testcase classname="testCases.Inventory_Page_Test" name="verifyFacebookLogoTest" time="2.986"/>
  <system-out>
    <![CDATA[Facebook logo is present = true]]>
  </system-out>
  <testcase classname="testCases.Inventory_Page_Test" name="verifyFooterTextTest" time="2.987"/>
  <system-out>
    <![CDATA[Footer text is = © 2024 Sauce Labs. All Rights Reserved. Terms of Service | Privacy Policy]]>
  </system-out>
  <testcase classname="testCases.Inventory_Page_Test" name="add6ProductsTest" time="3.549"/>
  <system-out>
    <![CDATA[Total products added to cart = 6]]>
  </system-out>
  <testcase classname="testCases.Inventory_Page_Test" name="verifyPageTitleTest" time="3.045"/>
  <system-out>
    <![CDATA[Inventory page Title = Products]]>
  </system-out>
  <testcase classname="testCases.Inventory_Page_Test" name="verifyAppLogoTitleTest" time="2.939"/>
  <system-out>
    <![CDATA[App logo Title is = Swag Labs]]>
  </system-out>
</testsuite> <!-- testCases.Inventory_Page_Test -->
