<?xml version="1.0" encoding="UTF-8"?>
<!-- Generated by org.testng.reporters.JUnitReportReporter -->
<testsuite hostname="Sanket-hp-pavilion" failures="0" tests="9" name="testCases.Checkout_Step_One_Page_Test" time="36.620" errors="0" timestamp="2024-06-13T22:45:44 IST" skipped="0">
  <testcase classname="testCases.Checkout_Step_One_Page_Test" name="verifyFooterTextTest" time="3.935"/>
  <system-out>
    <![CDATA[Footer text is = © 2024 Sauce Labs. All Rights Reserved. Terms of Service | Privacy Policy]]>
  </system-out>
  <testcase classname="testCases.Checkout_Step_One_Page_Test" name="inputInformationTest" time="4.322"/>
  <system-out>
    <![CDATA[Checkout page 2 Url is = https://www.saucedemo.com/checkout-step-two.html]]>
  </system-out>
  <testcase classname="testCases.Checkout_Step_One_Page_Test" name="clickOnCancelBtnTest" time="5.228"/>
  <system-out>
    <![CDATA[After clicking on cancel button Url is = https://www.saucedemo.com/cart.html]]>
  </system-out>
  <testcase classname="testCases.Checkout_Step_One_Page_Test" name="verifyTwitterLogoTest" time="3.881"/>
  <system-out>
    <![CDATA[Twitter logo is present = true]]>
  </system-out>
  <testcase classname="testCases.Checkout_Step_One_Page_Test" name="verifyLinkedinLogotest" time="3.473"/>
  <system-out>
    <![CDATA[Linkedin logo is present = true]]>
  </system-out>
  <testcase classname="testCases.Checkout_Step_One_Page_Test" name="verifyAppLogoTitleTest" time="3.803"/>
  <system-out>
    <![CDATA[checkout step one page logo title is = Swag Labs]]>
  </system-out>
  <testcase classname="testCases.Checkout_Step_One_Page_Test" name="verifyFacebookLogoTest" time="3.553"/>
  <system-out>
    <![CDATA[Facebook logo is present = true]]>
  </system-out>
  <testcase classname="testCases.Checkout_Step_One_Page_Test" name="verifyMenuBtnTest" time="3.924"/>
  <system-out>
    <![CDATA[Menu button on checkout step one page isDisplay = true]]>
  </system-out>
  <testcase classname="testCases.Checkout_Step_One_Page_Test" name="verifyPageTitleTest" time="4.501"/>
  <system-out>
    <![CDATA[checkout step one page title is = Checkout: Your Information]]>
  </system-out>
</testsuite> <!-- testCases.Checkout_Step_One_Page_Test -->
