<?xml version="1.0" encoding="UTF-8"?>
<!-- Generated by org.testng.reporters.JUnitReportReporter -->
<testsuite hostname="Sanket-hp-pavilion" failures="0" tests="19" name="testCases.Checkout_Step_Two_Page_Test" time="71.355" errors="0" timestamp="2024-06-13T22:45:44 IST" skipped="0">
  <testcase classname="testCases.Checkout_Step_Two_Page_Test" name="verifyShippingInfoLabelTest" time="3.838"/>
  <system-out>
    <![CDATA[Shipping Info Label is = Shipping Information:]]>
  </system-out>
  <testcase classname="testCases.Checkout_Step_Two_Page_Test" name="verifyShippingInfoValueTest" time="3.879"/>
  <system-out>
    <![CDATA[Shipping Info value is = Free Pony Express Delivery!]]>
  </system-out>
  <testcase classname="testCases.Checkout_Step_Two_Page_Test" name="verifyMenuBtnTest" time="3.651"/>
  <system-out>
    <![CDATA[Menu button on checkout step one page isDisplay = true]]>
  </system-out>
  <testcase classname="testCases.Checkout_Step_Two_Page_Test" name="verifyProdDescriptionLabelTest" time="3.589"/>
  <system-out>
    <![CDATA[Label for product description = Description]]>
  </system-out>
  <testcase classname="testCases.Checkout_Step_Two_Page_Test" name="verifyAppLogoTitleTest" time="4.077"/>
  <system-out>
    <![CDATA[checkout step one page logo title is = Swag Labs]]>
  </system-out>
  <testcase classname="testCases.Checkout_Step_Two_Page_Test" name="verifyPageTitleTest" time="3.678"/>
  <system-out>
    <![CDATA[checkout step one page title is = Checkout: Overview]]>
  </system-out>
  <testcase classname="testCases.Checkout_Step_Two_Page_Test" name="verifyTwitterLogoTest" time="3.589"/>
  <system-out>
    <![CDATA[Twitter logo is present = true]]>
  </system-out>
  <testcase classname="testCases.Checkout_Step_Two_Page_Test" name="verifyPaymentInfoLabelTest" time="3.586"/>
  <system-out>
    <![CDATA[Payment Info Label is = Payment Information:]]>
  </system-out>
  <testcase classname="testCases.Checkout_Step_Two_Page_Test" name="verifyPaymentInfoValueTest" time="3.522"/>
  <system-out>
    <![CDATA[Payment Info value is = SauceCard #31337]]>
  </system-out>
  <testcase classname="testCases.Checkout_Step_Two_Page_Test" name="verifySubTotalTest" time="3.744"/>
  <system-out>
    <![CDATA[Sub Total is = Item total: $129.94]]>
  </system-out>
  <testcase classname="testCases.Checkout_Step_Two_Page_Test" name="verifyprodQuantityLabelTest" time="3.841"/>
  <system-out>
    <![CDATA[Label for product quantity = QTY]]>
  </system-out>
  <testcase classname="testCases.Checkout_Step_Two_Page_Test" name="verifyTotalTest" time="4.189"/>
  <system-out>
    <![CDATA[Total is = Total: $140.34]]>
  </system-out>
  <testcase classname="testCases.Checkout_Step_Two_Page_Test" name="verifyFooterTextTest" time="4.009"/>
  <system-out>
    <![CDATA[Footer text is = © 2024 Sauce Labs. All Rights Reserved. Terms of Service | Privacy Policy]]>
  </system-out>
  <testcase classname="testCases.Checkout_Step_Two_Page_Test" name="verifyTaxTest" time="3.531"/>
  <system-out>
    <![CDATA[Total Tax is = Tax: $10.40]]>
  </system-out>
  <testcase classname="testCases.Checkout_Step_Two_Page_Test" name="clickOnCancelBtnTest" time="3.548"/>
  <system-out>
    <![CDATA[checkout step 2 page cancel button on click url = https://www.saucedemo.com/inventory.html]]>
  </system-out>
  <testcase classname="testCases.Checkout_Step_Two_Page_Test" name="verifyTotalInfoLabelTest" time="3.891"/>
  <system-out>
    <![CDATA[Total Info Label is = Price Total]]>
  </system-out>
  <testcase classname="testCases.Checkout_Step_Two_Page_Test" name="clickOnFinishBtnTest" time="3.761"/>
  <system-out>
    <![CDATA[checkout step 2 page Finish button on click url = https://www.saucedemo.com/checkout-complete.html]]>
  </system-out>
  <testcase classname="testCases.Checkout_Step_Two_Page_Test" name="verifyFacebookLogoTest" time="3.648"/>
  <system-out>
    <![CDATA[Facebook logo is present = true]]>
  </system-out>
  <testcase classname="testCases.Checkout_Step_Two_Page_Test" name="verifyLinkedinLogotest" time="3.784"/>
  <system-out>
    <![CDATA[Linkedin logo is present = true]]>
  </system-out>
</testsuite> <!-- testCases.Checkout_Step_Two_Page_Test -->
