<?xml version="1.0" encoding="UTF-8"?>
<!-- Generated by org.testng.reporters.JUnitReportReporter -->
<testsuite hostname="Sanket-hp-pavilion" failures="0" tests="12" name="testCases.Cart_Page_Test" time="46.559" errors="0" timestamp="2024-06-13T22:45:44 IST" skipped="0">
  <testcase classname="testCases.Cart_Page_Test" name="verifyLinkedinLogotest" time="3.812"/>
  <system-out>
    <![CDATA[Linkedin logo is present = true]]>
  </system-out>
  <testcase classname="testCases.Cart_Page_Test" name="verifyCartPageURLTest" time="3.748"/>
  <system-out>
    <![CDATA[Cart page Url is = https://www.saucedemo.com/cart.html]]>
  </system-out>
  <testcase classname="testCases.Cart_Page_Test" name="verifyMenuBtnTest" time="5.368"/>
  <system-out>
    <![CDATA[Menu button on cart page isDisplay = true]]>
  </system-out>
  <testcase classname="testCases.Cart_Page_Test" name="verifyprodQuantityLabelTest" time="3.454"/>
  <system-out>
    <![CDATA[Label for product quantity = QTY]]>
  </system-out>
  <testcase classname="testCases.Cart_Page_Test" name="verifyContinueShoppingBtnTest" time="3.702"/>
  <system-out>
    <![CDATA[After clicking on continue shopping button Url is = https://www.saucedemo.com/inventory.html]]>
  </system-out>
  <testcase classname="testCases.Cart_Page_Test" name="verifyPageTitleTest" time="4.037"/>
  <system-out>
    <![CDATA[Cart page title is = Your Cart]]>
  </system-out>
  <testcase classname="testCases.Cart_Page_Test" name="verifyFacebookLogoTest" time="3.413"/>
  <system-out>
    <![CDATA[Facebook logo is present = true]]>
  </system-out>
  <testcase classname="testCases.Cart_Page_Test" name="verifyCheckoutBtnTest" time="3.687"/>
  <system-out>
    <![CDATA[After clicking on checkout button Url is = https://www.saucedemo.com/checkout-step-one.html]]>
  </system-out>
  <testcase classname="testCases.Cart_Page_Test" name="verifyFooterTextTest" time="3.461"/>
  <system-out>
    <![CDATA[Footer text is = © 2024 Sauce Labs. All Rights Reserved. Terms of Service | Privacy Policy]]>
  </system-out>
  <testcase classname="testCases.Cart_Page_Test" name="verifyProdDescriptionLabelTest" time="4.027"/>
  <system-out>
    <![CDATA[Label for product description = Description]]>
  </system-out>
  <testcase classname="testCases.Cart_Page_Test" name="verifyTwitterLogoTest" time="4.149"/>
  <system-out>
    <![CDATA[Twitter logo is present = true]]>
  </system-out>
  <testcase classname="testCases.Cart_Page_Test" name="verifyAppLogoTitleTest" time="3.701"/>
  <system-out>
    <![CDATA[Cart page app logo title is = Swag Labs]]>
  </system-out>
</testsuite> <!-- testCases.Cart_Page_Test -->
