<?xml version="1.0" encoding="UTF-8"?>
<!-- Generated by org.testng.reporters.JUnitReportReporter -->
<testsuite hostname="Sanket-hp-pavilion" failures="0" tests="12" name="testCases.Complete_Page_Test" time="49.225" errors="0" timestamp="2024-06-13T22:45:44 IST" skipped="0">
  <testcase classname="testCases.Complete_Page_Test" name="verifyLinkedinLogotest" time="3.686"/>
  <system-out>
    <![CDATA[Linkedin logo is present = true]]>
  </system-out>
  <testcase classname="testCases.Complete_Page_Test" name="verifyFacebookLogoTest" time="3.860"/>
  <system-out>
    <![CDATA[Facebook logo is present = true]]>
  </system-out>
  <testcase classname="testCases.Complete_Page_Test" name="verifyCompleteImgTest" time="3.922"/>
  <system-out>
    <![CDATA[Complete img is present = true]]>
  </system-out>
  <testcase classname="testCases.Complete_Page_Test" name="verifyPageTitleTest" time="4.258"/>
  <system-out>
    <![CDATA[Complete page title is = Checkout: Complete!]]>
  </system-out>
  <testcase classname="testCases.Complete_Page_Test" name="verifyBackHomeBtnTest" time="4.001"/>
  <system-out>
    <![CDATA[After click on backHome btn url is = https://www.saucedemo.com/inventory.html]]>
  </system-out>
  <testcase classname="testCases.Complete_Page_Test" name="verifyAppLogoTitleTest" time="4.026"/>
  <system-out>
    <![CDATA[Complete page logo title is = Swag Labs]]>
  </system-out>
  <testcase classname="testCases.Complete_Page_Test" name="verifyCompleteTextTest" time="4.421"/>
  <system-out>
    <![CDATA[Complete page text is = Your order has been dispatched, and will arrive just as fast as the pony can get there!]]>
  </system-out>
  <testcase classname="testCases.Complete_Page_Test" name="clickOnCartIconTest" time="4.330"/>
  <system-out>
    <![CDATA[After click on cart btn url is = https://www.saucedemo.com/cart.html]]>
  </system-out>
  <testcase classname="testCases.Complete_Page_Test" name="verifyFooterTextTest" time="4.054"/>
  <system-out>
    <![CDATA[Footer text is = © 2024 Sauce Labs. All Rights Reserved. Terms of Service | Privacy Policy]]>
  </system-out>
  <testcase classname="testCases.Complete_Page_Test" name="verifyThankYouHeadingTest" time="4.423"/>
  <system-out>
    <![CDATA[Complete page thank you heading = Thank you for your order!]]>
  </system-out>
  <testcase classname="testCases.Complete_Page_Test" name="verifyMenuBtnTest" time="4.075"/>
  <system-out>
    <![CDATA[Menu button on Complete page isDisplay = true]]>
  </system-out>
  <testcase classname="testCases.Complete_Page_Test" name="verifyTwitterLogoTest" time="4.169"/>
  <system-out>
    <![CDATA[Twitter logo is present = true]]>
  </system-out>
</testsuite> <!-- testCases.Complete_Page_Test -->
